<?xml version="1.0" encoding="UTF-8"?>
<!-- Generated by org.testng.reporters.JUnitReportReporter -->
<testsuite hostname="LAPTOP-2CG26M62" name="com.apex.samples.core.ApexBaseChromeTest" tests="1" failures="0" timestamp="23 Apr 2019 02:08:26 GMT" time="6.489" errors="0">
  <testcase name="testGoogleSearch" time="6.489" classname="com.apex.samples.core.ApexBaseChromeTest"/>
</testsuite> <!-- com.apex.samples.core.ApexBaseChromeTest -->
